<?xml version="1.0" encoding="UTF-8"?>
<!-- Generated by org.testng.reporters.JUnitReportReporter -->
<testsuite hostname="Pavan" failures="0" tests="1" name="com.tests.HomePageTest" time="9.084" errors="0" timestamp="2023-12-25T09:37:47 IST" skipped="0">
  <testcase classname="com.tests.HomePageTest" name="valiDateHomePage" time="9.084"/>
</testsuite> <!-- com.tests.HomePageTest -->
